/sw/bioinfo/quast/4.5.4/rackham/bin/metaquast.py /home/marke/results/megahit_results1/final.contigs.fa -1 /home/marke/DNA_trimmed/SRR4342129_1.paired.trimmed.fastq.gz -2 /home/marke/DNA_trimmed/SRR4342129_2.paired.trimmed.fastq.gz -o /home/marke/results/aevaluation1

Version: 4.5.4

System information:
  OS: Linux-3.10.0-957.10.1.el7.x86_64-x86_64-with-centos-7.6.1810-Core (linux_64)
  Python version: 2.7.6
  CPUs number: 20

Started: 2019-04-11 15:20:30

Logging to /home/marke/results/aevaluation1/metaquast.log
NOTICE: Maximum number of threads is set to 5 (use --threads option to set it manually)

Contigs:
  Pre-processing...
  /home/marke/results/megahit_results1/final.contigs.fa ==> final.contigs

No references are provided, starting to search for reference genomes in SILVA 16S rRNA database and to download them from NCBI...

2019-04-11 15:20:35


Running BlastN..
  processing final.contigs
  BLAST results for final.contigs are saved to /home/marke/results/aevaluation1/quast_downloaded_references/blast.res_final-contigs...


2019-04-11 15:34:28
Trying to download found references from NCBI. Totally 50 organisms to try.
marine metagenome has too fragmented reference genome! It will not be downloaded.
  marine_metagenome                                        | not found in the NCBI database
  Luminiphilus_syltensis_NOR5-1B                           | successfully downloaded (total 1, 48 more to go)
  Rhodobacteraceae_bacterium_HIMB11                        | successfully downloaded (total 2, 47 more to go)
  Aciditerrimonas_sp._CH22-21                              | not found in the NCBI database
  Synechococcus_sp._WH_7803                                | successfully downloaded (total 3, 45 more to go)
  Algibacter_sp._PAMC_27237                                | not found in the NCBI database
  unidentified_marine_bacterioplankton                     | not found in the NCBI database
  Actinomycetales_bacterium_GP-5                           | not found in the NCBI database
  Devosia_sp._DDB001                                       | not found in the NCBI database
  magnetic_coccus_MP17                                     | not found in the NCBI database
  Aquibacter_zeaxanthinifaciens                            | not found in the NCBI database
  gamma_proteobacterium_BDW918                             | successfully downloaded (total 4, 38 more to go)
  Marivirga_tractuosa                                      | successfully downloaded (total 5, 37 more to go)
  Ochrobactrum_grignonense                                 | successfully downloaded (total 6, 36 more to go)
  Acidithiomicrobium_sp._P1                                | not found in the NCBI database
  Blastopirellula_marina                                   | successfully downloaded (total 7, 34 more to go)
  Uncultured_Pseudospirillum_sp                            | not found in the NCBI database
  Puniceicoccus_vermicola                                  | not found in the NCBI database
  Dehalogenimonas_lykanthroporepellens_BL-DC-9             | successfully downloaded (total 8, 31 more to go)
  endosymbiont_of_Ridgeia_piscesae                         | successfully downloaded (total 9, 30 more to go)
  Kribbella_sp._ME05-21D                                   | not found in the NCBI database
  Methylohalomonas_lacus                                   | not found in the NCBI database
  Planctomyces_maris_DSM_8797                              | successfully downloaded (total 10, 27 more to go)
  bacterium_WH8-2                                          | not found in the NCBI database
  gamma_proteobacterium_SCGC_AB-629-P17                    | successfully downloaded (total 11, 25 more to go)
  denitrifying_bacterium_enrichment_culture_clone_NOB_2_C9 | not found in the NCBI database
  Pelobacter_sp._AOP6                                      | not found in the NCBI database
  Syntrophus_aciditrophicus                                | successfully downloaded (total 12, 22 more to go)
  Alteromonas_sp._NJSS33                                   | not found in the NCBI database
  Shewanella_amazonensis_SB2B                              | successfully downloaded (total 13, 20 more to go)
  Ruegeria_sp._enrichment_culture_clone_KSE55-3            | not found in the NCBI database
  iodide-oxidizing_bacterium_C-3                           | not found in the NCBI database
  Formosa_algae                                            | successfully downloaded (total 14, 17 more to go)
  Vibrio_sinaloensis                                       | successfully downloaded (total 15, 16 more to go)
  Methylococcaceae_bacterium_ET-HIRO                       | not found in the NCBI database
  Litoribaculum_gwangyangense                              | not found in the NCBI database
  bacterium_symbiont_of_Idas_sp                            | not found in the NCBI database
  Flavobacterium_subsaxonicum_WB_4.1-42_=_DSM_21790        | successfully downloaded (total 16, 12 more to go)
  marine_bacterium_NAMAF003                                | not found in the NCBI database

ERROR! Cannot established internet connection to download reference genomes! Check internet connection or run MetaQUAST with option "--max-ref-number 0".

In case you have troubles running QUAST, you can write to quast.support@bioinf.spbau.ru
Please provide us with quast.log file from the output directory.
