/sw/bioinfo/quast/4.5.4/rackham/bin/metaquast.py /home/marke/results/megahit_results2/final.contigs.fa -1 /home/marke/DNA_trimmed/SRR4342133_1.paired.trimmed.fastq.gz -2 /home/marke/DNA_trimmed/SRR4342133_2.paired.trimmed.fastq.gz -o /home/marke/results/aevaluation2

Version: 4.5.4

System information:
  OS: Linux-3.10.0-957.10.1.el7.x86_64-x86_64-with-centos-7.6.1810-Core (linux_64)
  Python version: 2.7.6
  CPUs number: 20

Started: 2019-04-11 15:36:58

Logging to /home/marke/results/aevaluation2/metaquast.log
NOTICE: Maximum number of threads is set to 5 (use --threads option to set it manually)

Contigs:
  Pre-processing...
  /home/marke/results/megahit_results2/final.contigs.fa ==> final.contigs

No references are provided, starting to search for reference genomes in SILVA 16S rRNA database and to download them from NCBI...

2019-04-11 15:37:03


Running BlastN..
  processing final.contigs
  BLAST results for final.contigs are saved to /home/marke/results/aevaluation2/quast_downloaded_references/blast.res_final-contigs...


2019-04-11 15:51:09
Trying to download found references from NCBI. Totally 50 organisms to try.

ERROR! Cannot established internet connection to download reference genomes! Check internet connection or run MetaQUAST with option "--max-ref-number 0".

In case you have troubles running QUAST, you can write to quast.support@bioinf.spbau.ru
Please provide us with quast.log file from the output directory.
